<?xml version="1.0" encoding="UTF-8"?>
<!-- Generated by org.testng.reporters.JUnitXMLReporter -->
<testsuite ignored="0" hostname="88A-ShahabKhan" failures="0" tests="2" name="MuxamCareApp Test" time="61.347" errors="0" timestamp="2023-02-16T20:56:46 PKT">
  <testcase classname="com.MuxamCareAutoMation.testCases.TC_LoginTest_001" name="loginTest" time="19.865"/>
  <testcase classname="com.MuxamCareAutoMation.testCases.TC_CreatePatientTest_003" name="AddNewPatient" time="26.45"/>
</testsuite> <!-- MuxamCareApp Test -->
