<?xml version="1.0" encoding="UTF-8"?>
<testng-results ignored="0" total="2" passed="2" failed="0" skipped="0">
  <reporter-output>
  </reporter-output>
  <suite started-at="2023-02-15T18:37:00 PKT" name="MuxamCareAutoMation" finished-at="2023-02-15T18:38:02 PKT" duration-ms="61958">
    <groups>
    </groups>
    <test started-at="2023-02-15T18:37:00 PKT" name="MuxamCareApp Test" finished-at="2023-02-15T18:38:02 PKT" duration-ms="61958">
      <class name="com.MuxamCareAutoMation.testCases.TC_CreatePatientTest_003">
        <test-method is-config="true" signature="setup(java.lang.String)[pri:0, instance:com.MuxamCareAutoMation.testCases.TC_CreatePatientTest_003@7c469c48]" started-at="2023-02-15T18:37:28 PKT" name="setup" finished-at="2023-02-15T18:37:36 PKT" duration-ms="7915" status="PASS">
          <params>
            <param index="0">
              <value>
                <![CDATA[chrome]]>
              </value>
            </param>
          </params>
          <reporter-output>
          </reporter-output>
        </test-method> <!-- setup -->
        <test-method signature="AddNewPatient()[pri:0, instance:com.MuxamCareAutoMation.testCases.TC_CreatePatientTest_003@7c469c48]" started-at="2023-02-15T18:37:36 PKT" name="AddNewPatient" finished-at="2023-02-15T18:38:02 PKT" duration-ms="26388" status="PASS">
          <reporter-output>
          </reporter-output>
        </test-method> <!-- AddNewPatient -->
        <test-method is-config="true" signature="tearDown()[pri:0, instance:com.MuxamCareAutoMation.testCases.TC_CreatePatientTest_003@7c469c48]" started-at="2023-02-15T18:38:02 PKT" name="tearDown" finished-at="2023-02-15T18:38:02 PKT" duration-ms="261" status="PASS">
          <reporter-output>
          </reporter-output>
        </test-method> <!-- tearDown -->
      </class> <!-- com.MuxamCareAutoMation.testCases.TC_CreatePatientTest_003 -->
      <class name="com.MuxamCareAutoMation.testCases.TC_LoginTest_001">
        <test-method is-config="true" signature="setup(java.lang.String)[pri:0, instance:com.MuxamCareAutoMation.testCases.TC_LoginTest_001@12b0404f]" started-at="2023-02-15T18:37:01 PKT" name="setup" finished-at="2023-02-15T18:37:08 PKT" duration-ms="7524" status="PASS">
          <params>
            <param index="0">
              <value>
                <![CDATA[chrome]]>
              </value>
            </param>
          </params>
          <reporter-output>
          </reporter-output>
        </test-method> <!-- setup -->
        <test-method signature="loginTest()[pri:0, instance:com.MuxamCareAutoMation.testCases.TC_LoginTest_001@12b0404f]" started-at="2023-02-15T18:37:08 PKT" name="loginTest" finished-at="2023-02-15T18:37:28 PKT" duration-ms="19075" status="PASS">
          <reporter-output>
          </reporter-output>
        </test-method> <!-- loginTest -->
        <test-method is-config="true" signature="tearDown()[pri:0, instance:com.MuxamCareAutoMation.testCases.TC_LoginTest_001@12b0404f]" started-at="2023-02-15T18:37:28 PKT" name="tearDown" finished-at="2023-02-15T18:37:28 PKT" duration-ms="335" status="PASS">
          <reporter-output>
          </reporter-output>
        </test-method> <!-- tearDown -->
      </class> <!-- com.MuxamCareAutoMation.testCases.TC_LoginTest_001 -->
    </test> <!-- MuxamCareApp Test -->
  </suite> <!-- MuxamCareAutoMation -->
</testng-results>
