<?xml version="1.0" encoding="UTF-8"?>
<testng-results ignored="0" total="2" passed="2" failed="0" skipped="0">
  <reporter-output>
  </reporter-output>
  <suite started-at="2023-02-15T18:38:21 PKT" name="MuxamCareAutoMation" finished-at="2023-02-15T18:39:17 PKT" duration-ms="56408">
    <groups>
    </groups>
    <test started-at="2023-02-15T18:38:21 PKT" name="MuxamCareApp Test" finished-at="2023-02-15T18:39:17 PKT" duration-ms="56408">
      <class name="com.MuxamCareAutoMation.testCases.TC_CreatePatientTest_003">
        <test-method is-config="true" signature="setup(java.lang.String)[pri:0, instance:com.MuxamCareAutoMation.testCases.TC_CreatePatientTest_003@72967906]" started-at="2023-02-15T18:38:45 PKT" name="setup" finished-at="2023-02-15T18:38:51 PKT" duration-ms="6062" status="PASS">
          <params>
            <param index="0">
              <value>
                <![CDATA[chrome]]>
              </value>
            </param>
          </params>
          <reporter-output>
          </reporter-output>
        </test-method> <!-- setup -->
        <test-method signature="AddNewPatient()[pri:0, instance:com.MuxamCareAutoMation.testCases.TC_CreatePatientTest_003@72967906]" started-at="2023-02-15T18:38:51 PKT" name="AddNewPatient" finished-at="2023-02-15T18:39:17 PKT" duration-ms="25306" status="PASS">
          <reporter-output>
          </reporter-output>
        </test-method> <!-- AddNewPatient -->
        <test-method is-config="true" signature="tearDown()[pri:0, instance:com.MuxamCareAutoMation.testCases.TC_CreatePatientTest_003@72967906]" started-at="2023-02-15T18:39:17 PKT" name="tearDown" finished-at="2023-02-15T18:39:17 PKT" duration-ms="313" status="PASS">
          <reporter-output>
          </reporter-output>
        </test-method> <!-- tearDown -->
      </class> <!-- com.MuxamCareAutoMation.testCases.TC_CreatePatientTest_003 -->
      <class name="com.MuxamCareAutoMation.testCases.TC_LoginTest_001">
        <test-method is-config="true" signature="setup(java.lang.String)[pri:0, instance:com.MuxamCareAutoMation.testCases.TC_LoginTest_001@49139829]" started-at="2023-02-15T18:38:21 PKT" name="setup" finished-at="2023-02-15T18:38:28 PKT" duration-ms="6632" status="PASS">
          <params>
            <param index="0">
              <value>
                <![CDATA[chrome]]>
              </value>
            </param>
          </params>
          <reporter-output>
          </reporter-output>
        </test-method> <!-- setup -->
        <test-method signature="loginTest()[pri:0, instance:com.MuxamCareAutoMation.testCases.TC_LoginTest_001@49139829]" started-at="2023-02-15T18:38:28 PKT" name="loginTest" finished-at="2023-02-15T18:38:45 PKT" duration-ms="17465" status="PASS">
          <reporter-output>
          </reporter-output>
        </test-method> <!-- loginTest -->
        <test-method is-config="true" signature="tearDown()[pri:0, instance:com.MuxamCareAutoMation.testCases.TC_LoginTest_001@49139829]" started-at="2023-02-15T18:38:45 PKT" name="tearDown" finished-at="2023-02-15T18:38:45 PKT" duration-ms="265" status="PASS">
          <reporter-output>
          </reporter-output>
        </test-method> <!-- tearDown -->
      </class> <!-- com.MuxamCareAutoMation.testCases.TC_LoginTest_001 -->
    </test> <!-- MuxamCareApp Test -->
  </suite> <!-- MuxamCareAutoMation -->
</testng-results>
