<?xml version="1.0" encoding="UTF-8"?>
<!-- Generated by org.testng.reporters.JUnitXMLReporter -->
<testsuite ignored="0" hostname="88A-ShahabKhan" failures="0" tests="2" name="MuxamCareApp Test" time="56.408" errors="0" timestamp="2023-02-15T18:39:17 PKT">
  <testcase classname="com.MuxamCareAutoMation.testCases.TC_LoginTest_001" name="loginTest" time="17.465"/>
  <testcase classname="com.MuxamCareAutoMation.testCases.TC_CreatePatientTest_003" name="AddNewPatient" time="25.306"/>
</testsuite> <!-- MuxamCareApp Test -->
